Started HTTP and WebSocket JSON-RPC server at http://127.0.0.1:8545/

Accounts
========

WARNING: These accounts, and their private keys, are publicly known.
Any funds sent to them on Mainnet or any other live network WILL BE LOST.

Account #0: 0xf39Fd6e51aad88F6F4ce6aB8827279cffFb92266 (10000 ETH)
Private Key: 0xac0974bec39a17e36ba4a6b4d238ff944bacb478cbed5efcae784d7bf4f2ff80

Account #1: 0x70997970C51812dc3A010C7d01b50e0d17dc79C8 (10000 ETH)
Private Key: 0x59c6995e998f97a5a0044966f0945389dc9e86dae88c7a8412f4603b6b78690d

Account #2: 0x3C44CdDdB6a900fa2b585dd299e03d12FA4293BC (10000 ETH)
Private Key: 0x5de4111afa1a4b94908f83103eb1f1706367c2e68ca870fc3fb9a804cdab365a

Account #3: 0x90F79bf6EB2c4f870365E785982E1f101E93b906 (10000 ETH)
Private Key: 0x7c852118294e51e653712a81e05800f419141751be58f605c371e15141b007a6

Account #4: 0x15d34AAf54267DB7D7c367839AAf71A00a2C6A65 (10000 ETH)
Private Key: 0x47e179ec197488593b187f80a00eb0da91f1b9d0b13f8733639f19c30a34926a

Account #5: 0x9965507D1a55bcC2695C58ba16FB37d819B0A4dc (10000 ETH)
Private Key: 0x8b3a350cf5c34c9194ca85829a2df0ec3153be0318b5e2d3348e872092edffba

Account #6: 0x976EA74026E726554dB657fA54763abd0C3a0aa9 (10000 ETH)
Private Key: 0x92db14e403b83dfe3df233f83dfa3a0d7096f21ca9b0d6d6b8d88b2b4ec1564e

Account #7: 0x14dC79964da2C08b23698B3D3cc7Ca32193d9955 (10000 ETH)
Private Key: 0x4bbbf85ce3377467afe5d46f804f221813b2bb87f24d81f60f1fcdbf7cbf4356

Account #8: 0x23618e81E3f5cdF7f54C3d65f7FBc0aBf5B21E8f (10000 ETH)
Private Key: 0xdbda1821b80551c9d65939329250298aa3472ba22feea921c0cf5d620ea67b97

Account #9: 0xa0Ee7A142d267C1f36714E4a8F75612F20a79720 (10000 ETH)
Private Key: 0x2a871d0798f97d79848a013d4936a73bf4cc922c825d33c1cf7073dff6d409c6

Account #10: 0xBcd4042DE499D14e55001CcbB24a551F3b954096 (10000 ETH)
Private Key: 0xf214f2b2cd398c806f84e317254e0f0b801d0643303237d97a22a48e01628897

Account #11: 0x71bE63f3384f5fb98995898A86B02Fb2426c5788 (10000 ETH)
Private Key: 0x701b615bbdfb9de65240bc28bd21bbc0d996645a3dd57e7b12bc2bdf6f192c82

Account #12: 0xFABB0ac9d68B0B445fB7357272Ff202C5651694a (10000 ETH)
Private Key: 0xa267530f49f8280200edf313ee7af6b827f2a8bce2897751d06a843f644967b1

Account #13: 0x1CBd3b2770909D4e10f157cABC84C7264073C9Ec (10000 ETH)
Private Key: 0x47c99abed3324a2707c28affff1267e45918ec8c3f20b8aa892e8b065d2942dd

Account #14: 0xdF3e18d64BC6A983f673Ab319CCaE4f1a57C7097 (10000 ETH)
Private Key: 0xc526ee95bf44d8fc405a158bb884d9d1238d99f0612e9f33d006bb0789009aaa

Account #15: 0xcd3B766CCDd6AE721141F452C550Ca635964ce71 (10000 ETH)
Private Key: 0x8166f546bab6da521a8369cab06c5d2b9e46670292d85c875ee9ec20e84ffb61

Account #16: 0x2546BcD3c84621e976D8185a91A922aE77ECEc30 (10000 ETH)
Private Key: 0xea6c44ac03bff858b476bba40716402b03e41b8e97e276d1baec7c37d42484a0

Account #17: 0xbDA5747bFD65F08deb54cb465eB87D40e51B197E (10000 ETH)
Private Key: 0x689af8efa8c651a91ad287602527f3af2fe9f6501a7ac4b061667b5a93e037fd

Account #18: 0xdD2FD4581271e230360230F9337D5c0430Bf44C0 (10000 ETH)
Private Key: 0xde9be858da4a475276426320d5e9262ecfc3ba460bfac56360bfa6c4c28b4ee0

Account #19: 0x8626f6940E2eb28930eFb4CeF49B2d1F2C9C1199 (10000 ETH)
Private Key: 0xdf57089febbacf7ba0bc227dafbffa9fc08a93fdc68e1e42411a14efcf23656e

WARNING: These accounts, and their private keys, are publicly known.
Any funds sent to them on Mainnet or any other live network WILL BE LOST.

[32meth_blockNumber[0m
[32meth_blockNumber (2)[0m
[32meth_blockNumber (3)[0m
[32meth_blockNumber (4)[0m
[32meth_blockNumber (5)[0m
[32meth_blockNumber (6)[0m
[32meth_blockNumber (7)[0m
[32meth_blockNumber (8)[0m
[32meth_blockNumber (9)[0m
[32meth_blockNumber (10)[0m
[32meth_blockNumber (11)[0m
[32meth_blockNumber (12)[0m
[32meth_blockNumber (13)[0m
[32meth_blockNumber (14)[0m
[32meth_blockNumber (15)[0m
[32meth_blockNumber (16)[0m
[32meth_blockNumber (17)[0m
[32meth_blockNumber (18)[0m
[32meth_blockNumber (19)[0m
[32meth_blockNumber (20)[0m
[31meth_call[0m

  Received invalid block tag 9. Latest block number is 0

[32meth_blockNumber[0m
[32meth_blockNumber (2)[0m
[32meth_chainId[0m
[32mhardhat_metadata[0m
[32meth_accounts[0m
[32mhardhat_getAutomine[0m
[32meth_chainId[0m
[32meth_getBlockByNumber[0m
[32meth_getTransactionCount[0m
[32meth_getTransactionCount (2)[0m
[32meth_getTransactionCount (3)[0m
[32meth_getTransactionCount (4)[0m
[32meth_getTransactionCount (5)[0m
[32meth_getTransactionCount (6)[0m
[32meth_getBlockByNumber[0m
[32meth_getTransactionCount[0m
[32meth_getBlockByNumber[0m
[32meth_estimateGas[0m
[32meth_call[0m
  Contract deployment: DegreeToken
  Contract address:    0x5fbdb2315678afecb367f032d93f642f64180aa3
  From:                0xf39fd6e51aad88f6f4ce6ab8827279cfffb92266

[32meth_sendTransaction[0m
  Contract deployment: DegreeToken
  Contract address:    0x5fbdb2315678afecb367f032d93f642f64180aa3
  Transaction:         0xfe85e75fa1accfe1194ca0560b2ccc881960537ec993352d904ef765bed4d814
  From:                0xf39fd6e51aad88f6f4ce6ab8827279cfffb92266
  Value:               0 ETH
  Gas used:            2834742 of 2834742
  Block #1:            0xfdc8666f9104a07cfba6396a219eddb4423590875f68c6b547ecb86b66124277

[32meth_getTransactionByHash[0m
[32meth_getBlockByNumber[0m
[32meth_getTransactionReceipt[0m
[32meth_getBlockByNumber[0m
[32meth_getTransactionCount[0m
[32meth_getBlockByNumber[0m
[32meth_estimateGas[0m
[32meth_call[0m
  Contract deployment: UniversityContract
  Contract address:    0x8464135c8f25da09e49bc8782676a84730c318bc
  From:                0x70997970c51812dc3a010c7d01b50e0d17dc79c8

[32meth_sendTransaction[0m
  Contract deployment: UniversityContract
  Contract address:    0x8464135c8f25da09e49bc8782676a84730c318bc
  Transaction:         0xb14165533cb3353a86b64e57b09253967a872374a58997b6b0bf6af36b5e5e21
  From:                0x70997970c51812dc3a010c7d01b50e0d17dc79c8
  Value:               0 ETH
  Gas used:            1812168 of 1812168
  Block #2:            0x070a9a67df3f7ea3bdceae36cab4096fec002ceca0f90b5432b4b9d05f36e93e

[32meth_getTransactionByHash[0m
[32meth_getBlockByNumber[0m
[32meth_getTransactionReceipt[0m
[32meth_getBlockByNumber[0m
[32meth_getTransactionCount[0m
[32meth_getBlockByNumber[0m
[32meth_estimateGas[0m
[32meth_call[0m
  Contract deployment: CurriculumContract
  Contract address:    0x71c95911e9a5d330f4d621842ec243ee1343292e
  From:                0x70997970c51812dc3a010c7d01b50e0d17dc79c8

[32meth_sendTransaction[0m
  Contract deployment: CurriculumContract
  Contract address:    0x71c95911e9a5d330f4d621842ec243ee1343292e
  Transaction:         0x5750a74fa211ab9f2ac39f43bde3047ec733f81b185e5dc8883963a383557a1c
  From:                0x70997970c51812dc3a010c7d01b50e0d17dc79c8
  Value:               0 ETH
  Gas used:            2486397 of 2486397
  Block #3:            0x736a53166352dd5ef528603ecdc55749adb2efbb0aa8a4e2ef8c554eda35735e

[32meth_getTransactionByHash[0m
[32meth_getBlockByNumber[0m
[32meth_getTransactionReceipt[0m
[32meth_getTransactionCount[0m
[32meth_getBlockByNumber[0m
[32meth_estimateGas[0m
[32meth_call[0m
  Contract call:       DegreeToken#addUniversity
  From:                0xf39fd6e51aad88f6f4ce6ab8827279cfffb92266
  To:                  0x5fbdb2315678afecb367f032d93f642f64180aa3

[32meth_sendTransaction[0m
  Contract call:       DegreeToken#addUniversity
  Transaction:         0xe465d0a3acc051d30c44dfb3d80b8bac808039a53ca7f88619d8e72940b49ed7
  From:                0xf39fd6e51aad88f6f4ce6ab8827279cfffb92266
  To:                  0x5fbdb2315678afecb367f032d93f642f64180aa3
  Value:               0 ETH
  Gas used:            249633 of 249633
  Block #4:            0x3f8770064bdb3a8dd1191bb49103cf83e3f4d8d84edeb626c37fbe271e298b27

[32meth_getTransactionByHash[0m
[32meth_getBlockByNumber[0m
[32meth_getTransactionReceipt[0m
[32meth_getBlockByNumber[0m
[32meth_getTransactionCount[0m
[32meth_getBlockByNumber[0m
[32meth_estimateGas[0m
[32meth_call[0m
  Contract call:       UniversityContract#addACurriculum
  From:                0x70997970c51812dc3a010c7d01b50e0d17dc79c8
  To:                  0x8464135c8f25da09e49bc8782676a84730c318bc

[32meth_sendTransaction[0m
  Contract call:       UniversityContract#addACurriculum
  Transaction:         0xc7feec4d7a76ee3e1bd213a7f0ffa11cbac7c8d674cca69ecbb59be50fae62b6
  From:                0x70997970c51812dc3a010c7d01b50e0d17dc79c8
  To:                  0x8464135c8f25da09e49bc8782676a84730c318bc
  Value:               0 ETH
  Gas used:            122311 of 122311
  Block #5:            0x9eb77ee48d643dd39e5c0ec06b704544f5e516c89ed93d4889ce6ad1b10c789b

[32meth_getTransactionByHash[0m
[32meth_getBlockByNumber[0m
[32meth_getTransactionReceipt[0m
[32meth_getBlockByNumber[0m
[32meth_getTransactionCount[0m
[32meth_getBlockByNumber[0m
[32meth_estimateGas[0m
[32meth_call[0m
  Contract call:       UniversityContract#addACourse
  From:                0x70997970c51812dc3a010c7d01b50e0d17dc79c8
  To:                  0x8464135c8f25da09e49bc8782676a84730c318bc

[32meth_sendTransaction[0m
  Contract call:       UniversityContract#addACourse
  Transaction:         0x7ccd0ccbcb20b47feb557793ffc1c99c3a4ec48ed7d44d0f688ddbbd8a7ef942
  From:                0x70997970c51812dc3a010c7d01b50e0d17dc79c8
  To:                  0x8464135c8f25da09e49bc8782676a84730c318bc
  Value:               0 ETH
  Gas used:            94537 of 94537
  Block #6:            0xe8c2e1fc6b3164753e415fd8ed4b5ff20c211a69a8960d3c06f12da3167d184f

[32meth_getTransactionByHash[0m
[32meth_getBlockByNumber[0m
[32meth_getTransactionReceipt[0m
[32meth_getTransactionCount[0m
[32meth_getBlockByNumber[0m
[32meth_estimateGas[0m
[32meth_call[0m
  Contract call:       UniversityContract#addCourseToCurriculum
  From:                0x70997970c51812dc3a010c7d01b50e0d17dc79c8
  To:                  0x8464135c8f25da09e49bc8782676a84730c318bc

[32meth_sendTransaction[0m
  Contract call:       UniversityContract#addCourseToCurriculum
  Transaction:         0x5c96cb8408bc21427c12bc784724e4eafa90ce1ec46e65a9a440f074d3274460
  From:                0x70997970c51812dc3a010c7d01b50e0d17dc79c8
  To:                  0x8464135c8f25da09e49bc8782676a84730c318bc
  Value:               0 ETH
  Gas used:            143411 of 145091
  Block #7:            0xf6120a6ee72b33c7a15536c6e9a7edaa5617d604295f721324078bde332bc3ed

[32meth_getTransactionByHash[0m
[32meth_getBlockByNumber[0m
[32meth_getTransactionReceipt[0m
[32meth_getBlockByNumber[0m
[32meth_getTransactionCount[0m
[32meth_getBlockByNumber[0m
[32meth_estimateGas[0m
[32meth_call[0m
  Contract call:       UniversityContract#addAStudent
  From:                0x70997970c51812dc3a010c7d01b50e0d17dc79c8
  To:                  0x8464135c8f25da09e49bc8782676a84730c318bc

[32meth_sendTransaction[0m
  Contract call:       UniversityContract#addAStudent
  Transaction:         0xf44b206cba9f368d5daab46e250fb84c14331ecd5ada83afc67fed0ddd25176e
  From:                0x70997970c51812dc3a010c7d01b50e0d17dc79c8
  To:                  0x8464135c8f25da09e49bc8782676a84730c318bc
  Value:               0 ETH
  Gas used:            183138 of 183138
  Block #8:            0xeaa35f246ca1eb3cbe663464a691276fe61709321d2c5a97afe8b157bf60454f

[32meth_getTransactionByHash[0m
[32meth_getBlockByNumber[0m
[32meth_getTransactionReceipt[0m
[32meth_getTransactionCount[0m
[32meth_getBlockByNumber[0m
[32meth_estimateGas[0m
[32meth_call[0m
  Contract call:       UniversityContract#addStudentToCurriculum
  From:                0x70997970c51812dc3a010c7d01b50e0d17dc79c8
  To:                  0x8464135c8f25da09e49bc8782676a84730c318bc

[32meth_sendTransaction[0m
  Contract call:       UniversityContract#addStudentToCurriculum
  Transaction:         0x034ec79b7c9fbea16e479f3801e2c26a7bdb1a687b30043d77104a66a4cb32c5
  From:                0x70997970c51812dc3a010c7d01b50e0d17dc79c8
  To:                  0x8464135c8f25da09e49bc8782676a84730c318bc
  Value:               0 ETH
  Gas used:            169181 of 171163
  Block #9:            0x90c331d5c5d40b1bdd24a86bd22542dd5c8334722c5f2bb5cd20793ce5c2f44e

[32meth_getTransactionByHash[0m
[32meth_getBlockByNumber[0m
[32meth_getTransactionReceipt[0m
[32meth_blockNumber[0m
[32meth_blockNumber (2)[0m
[32meth_blockNumber (3)[0m
[32meth_blockNumber (4)[0m
[32meth_call[0m
  Contract call:       UniversityContract#studentsId
  From:                0x70997970c51812dc3a010c7d01b50e0d17dc79c8
  To:                  0x8464135c8f25da09e49bc8782676a84730c318bc

[32meth_call[0m
  Contract call:       UniversityContract#students
  From:                0x70997970c51812dc3a010c7d01b50e0d17dc79c8
  To:                  0x8464135c8f25da09e49bc8782676a84730c318bc

[32meth_estimateGas[0m
[32meth_getCode[0m
[32meth_feeHistory[0m
[32meth_accounts[0m
[31meth_call[0m
  Contract call:       UniversityContract#<unrecognized-selector>
  From:                0xf39fd6e51aad88f6f4ce6ab8827279cfffb92266
  To:                  0x8464135c8f25da09e49bc8782676a84730c318bc

  Error: Transaction reverted without a reason

[32meth_feeHistory[0m
[31meth_call[0m
  Contract call:       UniversityContract#<unrecognized-selector>
  From:                0xf39fd6e51aad88f6f4ce6ab8827279cfffb92266
  To:                  0x8464135c8f25da09e49bc8782676a84730c318bc

  Error: Transaction reverted without a reason

[31meth_call[0m
  Contract call:       UniversityContract#<unrecognized-selector>
  From:                0xf39fd6e51aad88f6f4ce6ab8827279cfffb92266
  To:                  0x8464135c8f25da09e49bc8782676a84730c318bc

  Error: Transaction reverted without a reason

[31meth_call[0m
  Contract call:       UniversityContract#<unrecognized-selector>
  From:                0xf39fd6e51aad88f6f4ce6ab8827279cfffb92266
  To:                  0x8464135c8f25da09e49bc8782676a84730c318bc

  Error: Transaction reverted without a reason

[32meth_blockNumber[0m
[32meth_blockNumber (2)[0m
[32meth_feeHistory[0m
[32meth_getTransactionCount[0m
[32meth_sendRawTransaction[0m
  Contract call:       UniversityContract#addAStudent
  Transaction:         0xf5d02573598983b4a40c883a314be4a1409787d54f04c9ec19f10a2c52d4fd14
  From:                0x70997970c51812dc3a010c7d01b50e0d17dc79c8
  To:                  0x8464135c8f25da09e49bc8782676a84730c318bc
  Value:               0 ETH
  Gas used:            205730 of 205730
  Block #10:           0x242a557a2fe4f56149107760e86a5eb3a3c6fd92b031b3abacfc1f405eb902d1

[32meth_feeHistory[0m
[31meth_call[0m
  Contract call:       UniversityContract#<unrecognized-selector>
  From:                0xf39fd6e51aad88f6f4ce6ab8827279cfffb92266
  To:                  0x8464135c8f25da09e49bc8782676a84730c318bc

  Error: Transaction reverted without a reason

[32meth_feeHistory[0m
[31meth_call[0m
  Contract call:       UniversityContract#<unrecognized-selector>
  From:                0xf39fd6e51aad88f6f4ce6ab8827279cfffb92266
  To:                  0x8464135c8f25da09e49bc8782676a84730c318bc

  Error: Transaction reverted without a reason

[32meth_call[0m
  WARNING: Calling an account which is not a contract
  From:                0xf39fd6e51aad88f6f4ce6ab8827279cfffb92266
  To:                  0x420000000000000000000000000000000000000f

[31meth_call[0m
  Contract call:       UniversityContract#<unrecognized-selector>
  From:                0xf39fd6e51aad88f6f4ce6ab8827279cfffb92266
  To:                  0x8464135c8f25da09e49bc8782676a84730c318bc

  Error: Transaction reverted without a reason

[31meth_call[0m
  Contract call:       UniversityContract#<unrecognized-selector>
  From:                0xf39fd6e51aad88f6f4ce6ab8827279cfffb92266
  To:                  0x8464135c8f25da09e49bc8782676a84730c318bc

  Error: Transaction reverted without a reason

[32meth_blockNumber[0m
[32meth_blockNumber (2)[0m
[32meth_getTransactionReceipt[0m
[32meth_getBlockByHash[0m
[31meth_call[0m
  Contract call:       UniversityContract#<unrecognized-selector>
  From:                0xf39fd6e51aad88f6f4ce6ab8827279cfffb92266
  To:                  0x8464135c8f25da09e49bc8782676a84730c318bc

  Error: Transaction reverted without a reason

[32meth_feeHistory[0m
[31meth_call[0m
  Contract call:       UniversityContract#<unrecognized-selector>
  From:                0xf39fd6e51aad88f6f4ce6ab8827279cfffb92266
  To:                  0x8464135c8f25da09e49bc8782676a84730c318bc

  Error: Transaction reverted without a reason

[31meth_call[0m
  Contract call:       UniversityContract#<unrecognized-selector>
  From:                0xf39fd6e51aad88f6f4ce6ab8827279cfffb92266
  To:                  0x8464135c8f25da09e49bc8782676a84730c318bc

  Error: Transaction reverted without a reason

[31meth_call[0m
  Contract call:       UniversityContract#<unrecognized-selector>
  From:                0xf39fd6e51aad88f6f4ce6ab8827279cfffb92266
  To:                  0x8464135c8f25da09e49bc8782676a84730c318bc

  Error: Transaction reverted without a reason

[32meth_getTransactionByHash[0m
[32meth_estimateGas[0m
[32meth_getCode[0m
[32meth_feeHistory[0m
[31meth_call[0m
  Contract call:       UniversityContract#<unrecognized-selector>
  From:                0xf39fd6e51aad88f6f4ce6ab8827279cfffb92266
  To:                  0x8464135c8f25da09e49bc8782676a84730c318bc

  Error: Transaction reverted without a reason

[32meth_feeHistory[0m
[31meth_call[0m
  Contract call:       UniversityContract#<unrecognized-selector>
  From:                0xf39fd6e51aad88f6f4ce6ab8827279cfffb92266
  To:                  0x8464135c8f25da09e49bc8782676a84730c318bc

  Error: Transaction reverted without a reason

[31meth_call[0m
  Contract call:       UniversityContract#<unrecognized-selector>
  From:                0xf39fd6e51aad88f6f4ce6ab8827279cfffb92266
  To:                  0x8464135c8f25da09e49bc8782676a84730c318bc

  Error: Transaction reverted without a reason

[31meth_call[0m
  Contract call:       UniversityContract#<unrecognized-selector>
  From:                0xf39fd6e51aad88f6f4ce6ab8827279cfffb92266
  To:                  0x8464135c8f25da09e49bc8782676a84730c318bc

  Error: Transaction reverted without a reason

[32meth_blockNumber[0m
[32meth_getBalance[0m
[32meth_getBalance (2)[0m
[32meth_getTransactionCount[0m
[32meth_feeHistory[0m
[32meth_blockNumber[0m
[32meth_blockNumber (2)[0m
[32meth_sendRawTransaction[0m
  Contract call:       UniversityContract#addStudentToCurriculum
  Transaction:         0x331812522225966c643a23ac30d3c8c3e4d9e96f32fa4ced8984825c148039b0
  From:                0x70997970c51812dc3a010c7d01b50e0d17dc79c8
  To:                  0x8464135c8f25da09e49bc8782676a84730c318bc
  Value:               0 ETH
  Gas used:            191893 of 194142
  Block #11:           0xccea3bceb3f989f1bcb0f0d112767f4a26d5341bff1288f2ce3f586ee4e39157

[31meth_call[0m
  Contract call:       UniversityContract#<unrecognized-selector>
  From:                0xf39fd6e51aad88f6f4ce6ab8827279cfffb92266
  To:                  0x8464135c8f25da09e49bc8782676a84730c318bc

  Error: Transaction reverted without a reason

[31meth_call[0m
  Contract call:       UniversityContract#<unrecognized-selector>
  From:                0xf39fd6e51aad88f6f4ce6ab8827279cfffb92266
  To:                  0x8464135c8f25da09e49bc8782676a84730c318bc

  Error: Transaction reverted without a reason

[32meth_call[0m
  WARNING: Calling an account which is not a contract
  From:                0xf39fd6e51aad88f6f4ce6ab8827279cfffb92266
  To:                  0x420000000000000000000000000000000000000f

[31meth_call[0m
  Contract call:       UniversityContract#<unrecognized-selector>
  From:                0xf39fd6e51aad88f6f4ce6ab8827279cfffb92266
  To:                  0x8464135c8f25da09e49bc8782676a84730c318bc

  Error: Transaction reverted without a reason

[31meth_call[0m
  Contract call:       UniversityContract#<unrecognized-selector>
  From:                0xf39fd6e51aad88f6f4ce6ab8827279cfffb92266
  To:                  0x8464135c8f25da09e49bc8782676a84730c318bc

  Error: Transaction reverted without a reason

[32meth_feeHistory[0m
[32meth_feeHistory (2)[0m
[32meth_blockNumber[0m
[32meth_getTransactionReceipt[0m
[32meth_getBlockByHash[0m
[31meth_call[0m
  Contract call:       UniversityContract#<unrecognized-selector>
  From:                0xf39fd6e51aad88f6f4ce6ab8827279cfffb92266
  To:                  0x8464135c8f25da09e49bc8782676a84730c318bc

  Error: Transaction reverted without a reason

[32meth_blockNumber[0m
[31meth_call[0m
  Contract call:       UniversityContract#<unrecognized-selector>
  From:                0xf39fd6e51aad88f6f4ce6ab8827279cfffb92266
  To:                  0x8464135c8f25da09e49bc8782676a84730c318bc

  Error: Transaction reverted without a reason

[32meth_getBlockByNumber[0m
[32meth_feeHistory[0m
[31meth_call[0m
  Contract call:       UniversityContract#<unrecognized-selector>
  From:                0xf39fd6e51aad88f6f4ce6ab8827279cfffb92266
  To:                  0x8464135c8f25da09e49bc8782676a84730c318bc

  Error: Transaction reverted without a reason

[31meth_call[0m
  Contract call:       UniversityContract#<unrecognized-selector>
  From:                0xf39fd6e51aad88f6f4ce6ab8827279cfffb92266
  To:                  0x8464135c8f25da09e49bc8782676a84730c318bc

  Error: Transaction reverted without a reason

[32meth_getTransactionByHash[0m
[32meth_blockNumber[0m
[32meth_call[0m
  Contract call:       DegreeToken#roles
  From:                0xf39fd6e51aad88f6f4ce6ab8827279cfffb92266
  To:                  0x5fbdb2315678afecb367f032d93f642f64180aa3

[32meth_blockNumber[0m
[32meth_call[0m
  Contract call:       DegreeToken#universityToUniversityContract
  From:                0x70997970c51812dc3a010c7d01b50e0d17dc79c8
  To:                  0x5fbdb2315678afecb367f032d93f642f64180aa3

[32meth_call[0m
  Contract call:       UniversityContract#curriculumsId
  From:                0x70997970c51812dc3a010c7d01b50e0d17dc79c8
  To:                  0x8464135c8f25da09e49bc8782676a84730c318bc

[32meth_call[0m
  Contract call:       UniversityContract#curriculums
  From:                0x70997970c51812dc3a010c7d01b50e0d17dc79c8
  To:                  0x8464135c8f25da09e49bc8782676a84730c318bc

[32meth_call[0m
  Contract call:       CurriculumContract#curriculumDetail
  From:                0x70997970c51812dc3a010c7d01b50e0d17dc79c8
  To:                  0x71c95911e9a5d330f4d621842ec243ee1343292e

[32meth_call[0m
  Contract call:       UniversityContract#coursesId
  From:                0x70997970c51812dc3a010c7d01b50e0d17dc79c8
  To:                  0x8464135c8f25da09e49bc8782676a84730c318bc

[32meth_call[0m
  Contract call:       UniversityContract#courses
  From:                0x70997970c51812dc3a010c7d01b50e0d17dc79c8
  To:                  0x8464135c8f25da09e49bc8782676a84730c318bc

[32meth_estimateGas[0m
[32meth_getCode[0m
[32meth_feeHistory[0m
[31meth_call[0m
  Contract call:       UniversityContract#<unrecognized-selector>
  From:                0xf39fd6e51aad88f6f4ce6ab8827279cfffb92266
  To:                  0x8464135c8f25da09e49bc8782676a84730c318bc

  Error: Transaction reverted without a reason

[32meth_feeHistory[0m
[31meth_call[0m
  Contract call:       UniversityContract#<unrecognized-selector>
  From:                0xf39fd6e51aad88f6f4ce6ab8827279cfffb92266
  To:                  0x8464135c8f25da09e49bc8782676a84730c318bc

  Error: Transaction reverted without a reason

[31meth_call[0m
  Contract call:       UniversityContract#<unrecognized-selector>
  From:                0xf39fd6e51aad88f6f4ce6ab8827279cfffb92266
  To:                  0x8464135c8f25da09e49bc8782676a84730c318bc

  Error: Transaction reverted without a reason

[31meth_call[0m
  Contract call:       UniversityContract#<unrecognized-selector>
  From:                0xf39fd6e51aad88f6f4ce6ab8827279cfffb92266
  To:                  0x8464135c8f25da09e49bc8782676a84730c318bc

  Error: Transaction reverted without a reason

[32meth_blockNumber[0m
[32meth_getBalance[0m
[32meth_getBalance (2)[0m
[32meth_getTransactionCount[0m
[32meth_feeHistory[0m
[32meth_sendRawTransaction[0m
  Contract call:       UniversityContract#addACourse
  Transaction:         0xe44c221e6447a9b758c0ea39d2c55bacf0f4c255df0dd2678b676fbcea531cbb
  From:                0x70997970c51812dc3a010c7d01b50e0d17dc79c8
  To:                  0x8464135c8f25da09e49bc8782676a84730c318bc
  Value:               0 ETH
  Gas used:            97337 of 97337
  Block #12:           0x6a2c8a43d6f5121d021725ef45b0091974a4dd5f2b57dbde39dcff3d58403462

[32meth_feeHistory[0m
[31meth_call[0m
  Contract call:       UniversityContract#<unrecognized-selector>
  From:                0xf39fd6e51aad88f6f4ce6ab8827279cfffb92266
  To:                  0x8464135c8f25da09e49bc8782676a84730c318bc

  Error: Transaction reverted without a reason

[32meth_feeHistory[0m
[31meth_call[0m
  Contract call:       UniversityContract#<unrecognized-selector>
  From:                0xf39fd6e51aad88f6f4ce6ab8827279cfffb92266
  To:                  0x8464135c8f25da09e49bc8782676a84730c318bc

  Error: Transaction reverted without a reason

[32meth_call[0m
  WARNING: Calling an account which is not a contract
  From:                0xf39fd6e51aad88f6f4ce6ab8827279cfffb92266
  To:                  0x420000000000000000000000000000000000000f

[31meth_call[0m
  Contract call:       UniversityContract#<unrecognized-selector>
  From:                0xf39fd6e51aad88f6f4ce6ab8827279cfffb92266
  To:                  0x8464135c8f25da09e49bc8782676a84730c318bc

  Error: Transaction reverted without a reason

[31meth_call[0m
  Contract call:       UniversityContract#<unrecognized-selector>
  From:                0xf39fd6e51aad88f6f4ce6ab8827279cfffb92266
  To:                  0x8464135c8f25da09e49bc8782676a84730c318bc

  Error: Transaction reverted without a reason

[32meth_blockNumber[0m
[32meth_getTransactionReceipt[0m
[32meth_getBlockByHash[0m
[31meth_call[0m
  Contract call:       UniversityContract#<unrecognized-selector>
  From:                0xf39fd6e51aad88f6f4ce6ab8827279cfffb92266
  To:                  0x8464135c8f25da09e49bc8782676a84730c318bc

  Error: Transaction reverted without a reason

[32meth_blockNumber[0m
[32meth_getBlockByNumber[0m
[31meth_call[0m
  Contract call:       UniversityContract#<unrecognized-selector>
  From:                0xf39fd6e51aad88f6f4ce6ab8827279cfffb92266
  To:                  0x8464135c8f25da09e49bc8782676a84730c318bc

  Error: Transaction reverted without a reason

[32meth_feeHistory[0m
[31meth_call[0m
  Contract call:       UniversityContract#<unrecognized-selector>
  From:                0xf39fd6e51aad88f6f4ce6ab8827279cfffb92266
  To:                  0x8464135c8f25da09e49bc8782676a84730c318bc

  Error: Transaction reverted without a reason

[31meth_call[0m
  Contract call:       UniversityContract#<unrecognized-selector>
  From:                0xf39fd6e51aad88f6f4ce6ab8827279cfffb92266
  To:                  0x8464135c8f25da09e49bc8782676a84730c318bc

  Error: Transaction reverted without a reason

[32meth_getTransactionByHash[0m
[32meth_call[0m
  Contract call:       DegreeToken#roles
  From:                0xf39fd6e51aad88f6f4ce6ab8827279cfffb92266
  To:                  0x5fbdb2315678afecb367f032d93f642f64180aa3

[32meth_call[0m
  Contract call:       DegreeToken#universityToUniversityContract
  From:                0x70997970c51812dc3a010c7d01b50e0d17dc79c8
  To:                  0x5fbdb2315678afecb367f032d93f642f64180aa3

[32meth_call[0m
  Contract call:       UniversityContract#curriculumsId
  From:                0x70997970c51812dc3a010c7d01b50e0d17dc79c8
  To:                  0x8464135c8f25da09e49bc8782676a84730c318bc

[32meth_call[0m
  Contract call:       UniversityContract#curriculums
  From:                0x70997970c51812dc3a010c7d01b50e0d17dc79c8
  To:                  0x8464135c8f25da09e49bc8782676a84730c318bc

[32meth_call[0m
  Contract call:       CurriculumContract#curriculumDetail
  From:                0x70997970c51812dc3a010c7d01b50e0d17dc79c8
  To:                  0x71c95911e9a5d330f4d621842ec243ee1343292e

[32meth_blockNumber[0m
[32meth_blockNumber (2)[0m
[32meth_call[0m
  Contract call:       UniversityContract#coursesId
  From:                0x70997970c51812dc3a010c7d01b50e0d17dc79c8
  To:                  0x8464135c8f25da09e49bc8782676a84730c318bc

[32meth_call[0m
  Contract call:       UniversityContract#courses
  From:                0x70997970c51812dc3a010c7d01b50e0d17dc79c8
  To:                  0x8464135c8f25da09e49bc8782676a84730c318bc

[32meth_call[0m
  Contract call:       UniversityContract#courses
  From:                0x70997970c51812dc3a010c7d01b50e0d17dc79c8
  To:                  0x8464135c8f25da09e49bc8782676a84730c318bc

[32meth_blockNumber[0m
[32meth_blockNumber (2)[0m
[32meth_blockNumber (3)[0m
[32meth_blockNumber (4)[0m
[32meth_call[0m
  Contract call:       CurriculumContract#coursesId
  From:                0x70997970c51812dc3a010c7d01b50e0d17dc79c8
  To:                  0x71c95911e9a5d330f4d621842ec243ee1343292e

[32meth_call[0m
  Contract call:       CurriculumContract#courses
  From:                0x70997970c51812dc3a010c7d01b50e0d17dc79c8
  To:                  0x71c95911e9a5d330f4d621842ec243ee1343292e

[32meth_estimateGas[0m
[32meth_getCode[0m
[32meth_feeHistory[0m
[31meth_call[0m
  Contract call:       UniversityContract#<unrecognized-selector>
  From:                0xf39fd6e51aad88f6f4ce6ab8827279cfffb92266
  To:                  0x8464135c8f25da09e49bc8782676a84730c318bc

  Error: Transaction reverted without a reason

[32meth_feeHistory[0m
[31meth_call[0m
  Contract call:       UniversityContract#<unrecognized-selector>
  From:                0xf39fd6e51aad88f6f4ce6ab8827279cfffb92266
  To:                  0x8464135c8f25da09e49bc8782676a84730c318bc

  Error: Transaction reverted without a reason

[31meth_call[0m
  Contract call:       UniversityContract#<unrecognized-selector>
  From:                0xf39fd6e51aad88f6f4ce6ab8827279cfffb92266
  To:                  0x8464135c8f25da09e49bc8782676a84730c318bc

  Error: Transaction reverted without a reason

[31meth_call[0m
  Contract call:       UniversityContract#<unrecognized-selector>
  From:                0xf39fd6e51aad88f6f4ce6ab8827279cfffb92266
  To:                  0x8464135c8f25da09e49bc8782676a84730c318bc

  Error: Transaction reverted without a reason

[32meth_blockNumber[0m
[32meth_getBalance[0m
[32meth_getBalance (2)[0m
[32meth_getTransactionCount[0m
[32meth_feeHistory[0m
[32meth_blockNumber[0m
[32meth_sendRawTransaction[0m
  Contract call:       UniversityContract#addCourseToCurriculum
  Transaction:         0x1ab11c4966eaa01fdbb85b85167d95310b89e950143eac39a3422478ddbdfaef
  From:                0x70997970c51812dc3a010c7d01b50e0d17dc79c8
  To:                  0x8464135c8f25da09e49bc8782676a84730c318bc
  Value:               0 ETH
  Gas used:            149023 of 150769
  Block #13:           0x099fb6b86b79696ed23474a86650bc0bec2bac43ca0df4616ecddd1f160f6728

[32meth_feeHistory[0m
[31meth_call[0m
  Contract call:       UniversityContract#<unrecognized-selector>
  From:                0xf39fd6e51aad88f6f4ce6ab8827279cfffb92266
  To:                  0x8464135c8f25da09e49bc8782676a84730c318bc

  Error: Transaction reverted without a reason

[32meth_feeHistory[0m
[31meth_call[0m
  Contract call:       UniversityContract#<unrecognized-selector>
  From:                0xf39fd6e51aad88f6f4ce6ab8827279cfffb92266
  To:                  0x8464135c8f25da09e49bc8782676a84730c318bc

  Error: Transaction reverted without a reason

[31meth_call[0m
  Contract call:       UniversityContract#<unrecognized-selector>
  From:                0xf39fd6e51aad88f6f4ce6ab8827279cfffb92266
  To:                  0x8464135c8f25da09e49bc8782676a84730c318bc

  Error: Transaction reverted without a reason

[31meth_call[0m
  Contract call:       UniversityContract#<unrecognized-selector>
  From:                0xf39fd6e51aad88f6f4ce6ab8827279cfffb92266
  To:                  0x8464135c8f25da09e49bc8782676a84730c318bc

  Error: Transaction reverted without a reason

[32meth_call[0m
  WARNING: Calling an account which is not a contract
  From:                0xf39fd6e51aad88f6f4ce6ab8827279cfffb92266
  To:                  0x420000000000000000000000000000000000000f

[32meth_blockNumber[0m
[32meth_getTransactionReceipt[0m
[32meth_getBlockByHash[0m
[31meth_call[0m
  Contract call:       UniversityContract#<unrecognized-selector>
  From:                0xf39fd6e51aad88f6f4ce6ab8827279cfffb92266
  To:                  0x8464135c8f25da09e49bc8782676a84730c318bc

  Error: Transaction reverted without a reason

[32meth_blockNumber[0m
[32meth_getBlockByNumber[0m
[31meth_call[0m
  Contract call:       UniversityContract#<unrecognized-selector>
  From:                0xf39fd6e51aad88f6f4ce6ab8827279cfffb92266
  To:                  0x8464135c8f25da09e49bc8782676a84730c318bc

  Error: Transaction reverted without a reason

[32meth_feeHistory[0m
[31meth_call[0m
  Contract call:       UniversityContract#<unrecognized-selector>
  From:                0xf39fd6e51aad88f6f4ce6ab8827279cfffb92266
  To:                  0x8464135c8f25da09e49bc8782676a84730c318bc

  Error: Transaction reverted without a reason

[31meth_call[0m
  Contract call:       UniversityContract#<unrecognized-selector>
  From:                0xf39fd6e51aad88f6f4ce6ab8827279cfffb92266
  To:                  0x8464135c8f25da09e49bc8782676a84730c318bc

  Error: Transaction reverted without a reason

[32meth_getTransactionByHash[0m
[32meth_blockNumber[0m
[32meth_call[0m
  Contract call:       DegreeToken#roles
  From:                0xf39fd6e51aad88f6f4ce6ab8827279cfffb92266
  To:                  0x5fbdb2315678afecb367f032d93f642f64180aa3

[32meth_blockNumber[0m
[32meth_blockNumber (2)[0m
[32meth_call[0m
  Contract call:       DegreeToken#universityToUniversityContract
  From:                0x70997970c51812dc3a010c7d01b50e0d17dc79c8
  To:                  0x5fbdb2315678afecb367f032d93f642f64180aa3

[32meth_call[0m
  Contract call:       UniversityContract#curriculumsId
  From:                0x70997970c51812dc3a010c7d01b50e0d17dc79c8
  To:                  0x8464135c8f25da09e49bc8782676a84730c318bc

[32meth_call[0m
  Contract call:       UniversityContract#curriculums
  From:                0x70997970c51812dc3a010c7d01b50e0d17dc79c8
  To:                  0x8464135c8f25da09e49bc8782676a84730c318bc

[32meth_call[0m
  Contract call:       CurriculumContract#curriculumDetail
  From:                0x70997970c51812dc3a010c7d01b50e0d17dc79c8
  To:                  0x71c95911e9a5d330f4d621842ec243ee1343292e

[32meth_call[0m
  Contract call:       UniversityContract#coursesId
  From:                0x70997970c51812dc3a010c7d01b50e0d17dc79c8
  To:                  0x8464135c8f25da09e49bc8782676a84730c318bc

[32meth_call[0m
  Contract call:       UniversityContract#courses
  From:                0x70997970c51812dc3a010c7d01b50e0d17dc79c8
  To:                  0x8464135c8f25da09e49bc8782676a84730c318bc

[32meth_call[0m
  Contract call:       UniversityContract#courses
  From:                0x70997970c51812dc3a010c7d01b50e0d17dc79c8
  To:                  0x8464135c8f25da09e49bc8782676a84730c318bc

[32meth_blockNumber[0m
[32meth_call[0m
  Contract call:       CurriculumContract#coursesId
  From:                0x70997970c51812dc3a010c7d01b50e0d17dc79c8
  To:                  0x71c95911e9a5d330f4d621842ec243ee1343292e

[32meth_call[0m
  Contract call:       CurriculumContract#courses
  From:                0x70997970c51812dc3a010c7d01b50e0d17dc79c8
  To:                  0x71c95911e9a5d330f4d621842ec243ee1343292e

[32meth_call[0m
  Contract call:       CurriculumContract#courses
  From:                0x70997970c51812dc3a010c7d01b50e0d17dc79c8
  To:                  0x71c95911e9a5d330f4d621842ec243ee1343292e

[32meth_estimateGas[0m
[32meth_getCode[0m
[32meth_feeHistory[0m
[31meth_call[0m
  Contract call:       UniversityContract#<unrecognized-selector>
  From:                0xf39fd6e51aad88f6f4ce6ab8827279cfffb92266
  To:                  0x8464135c8f25da09e49bc8782676a84730c318bc

  Error: Transaction reverted without a reason

[32meth_feeHistory[0m
[31meth_call[0m
  Contract call:       UniversityContract#<unrecognized-selector>
  From:                0xf39fd6e51aad88f6f4ce6ab8827279cfffb92266
  To:                  0x8464135c8f25da09e49bc8782676a84730c318bc

  Error: Transaction reverted without a reason

[31meth_call[0m
  Contract call:       UniversityContract#<unrecognized-selector>
  From:                0xf39fd6e51aad88f6f4ce6ab8827279cfffb92266
  To:                  0x8464135c8f25da09e49bc8782676a84730c318bc

  Error: Transaction reverted without a reason

[31meth_call[0m
  Contract call:       UniversityContract#<unrecognized-selector>
  From:                0xf39fd6e51aad88f6f4ce6ab8827279cfffb92266
  To:                  0x8464135c8f25da09e49bc8782676a84730c318bc

  Error: Transaction reverted without a reason

[32meth_feeHistory[0m
[31meth_call[0m
  Contract call:       UniversityContract#<unrecognized-selector>
  From:                0xf39fd6e51aad88f6f4ce6ab8827279cfffb92266
  To:                  0x8464135c8f25da09e49bc8782676a84730c318bc

  Error: Transaction reverted without a reason

[31meth_call[0m
  Contract call:       UniversityContract#<unrecognized-selector>
  From:                0xf39fd6e51aad88f6f4ce6ab8827279cfffb92266
  To:                  0x8464135c8f25da09e49bc8782676a84730c318bc

  Error: Transaction reverted without a reason

[31meth_call[0m
  Contract call:       UniversityContract#<unrecognized-selector>
  From:                0xf39fd6e51aad88f6f4ce6ab8827279cfffb92266
  To:                  0x8464135c8f25da09e49bc8782676a84730c318bc

  Error: Transaction reverted without a reason

[31meth_call[0m
  Contract call:       UniversityContract#<unrecognized-selector>
  From:                0xf39fd6e51aad88f6f4ce6ab8827279cfffb92266
  To:                  0x8464135c8f25da09e49bc8782676a84730c318bc

  Error: Transaction reverted without a reason

[32meth_estimateGas[0m
[32meth_feeHistory[0m
[31meth_call[0m
  Contract call:       UniversityContract#<unrecognized-selector>
  From:                0xf39fd6e51aad88f6f4ce6ab8827279cfffb92266
  To:                  0x8464135c8f25da09e49bc8782676a84730c318bc

  Error: Transaction reverted without a reason

[32meth_feeHistory[0m
[31meth_call[0m
  Contract call:       UniversityContract#<unrecognized-selector>
  From:                0xf39fd6e51aad88f6f4ce6ab8827279cfffb92266
  To:                  0x8464135c8f25da09e49bc8782676a84730c318bc

  Error: Transaction reverted without a reason

[31meth_call[0m
  Contract call:       UniversityContract#<unrecognized-selector>
  From:                0xf39fd6e51aad88f6f4ce6ab8827279cfffb92266
  To:                  0x8464135c8f25da09e49bc8782676a84730c318bc

  Error: Transaction reverted without a reason

[31meth_call[0m
  Contract call:       UniversityContract#<unrecognized-selector>
  From:                0xf39fd6e51aad88f6f4ce6ab8827279cfffb92266
  To:                  0x8464135c8f25da09e49bc8782676a84730c318bc

  Error: Transaction reverted without a reason

[32meth_feeHistory[0m
[31meth_call[0m
  Contract call:       UniversityContract#<unrecognized-selector>
  From:                0xf39fd6e51aad88f6f4ce6ab8827279cfffb92266
  To:                  0x8464135c8f25da09e49bc8782676a84730c318bc

  Error: Transaction reverted without a reason

[31meth_call[0m
  Contract call:       UniversityContract#<unrecognized-selector>
  From:                0xf39fd6e51aad88f6f4ce6ab8827279cfffb92266
  To:                  0x8464135c8f25da09e49bc8782676a84730c318bc

  Error: Transaction reverted without a reason

[31meth_call[0m
  Contract call:       UniversityContract#<unrecognized-selector>
  From:                0xf39fd6e51aad88f6f4ce6ab8827279cfffb92266
  To:                  0x8464135c8f25da09e49bc8782676a84730c318bc

  Error: Transaction reverted without a reason

[31meth_call[0m
  Contract call:       UniversityContract#<unrecognized-selector>
  From:                0xf39fd6e51aad88f6f4ce6ab8827279cfffb92266
  To:                  0x8464135c8f25da09e49bc8782676a84730c318bc

  Error: Transaction reverted without a reason

[32meth_blockNumber[0m
[32meth_feeHistory[0m
[32meth_feeHistory (2)[0m
[31meth_call[0m
  Contract call:       UniversityContract#<unrecognized-selector>
  From:                0xf39fd6e51aad88f6f4ce6ab8827279cfffb92266
  To:                  0x8464135c8f25da09e49bc8782676a84730c318bc

  Error: Transaction reverted without a reason

[31meth_call[0m
  Contract call:       UniversityContract#<unrecognized-selector>
  From:                0xf39fd6e51aad88f6f4ce6ab8827279cfffb92266
  To:                  0x8464135c8f25da09e49bc8782676a84730c318bc

  Error: Transaction reverted without a reason

[31meth_call[0m
  Contract call:       UniversityContract#<unrecognized-selector>
  From:                0xf39fd6e51aad88f6f4ce6ab8827279cfffb92266
  To:                  0x8464135c8f25da09e49bc8782676a84730c318bc

  Error: Transaction reverted without a reason

[31meth_call[0m
  Contract call:       UniversityContract#<unrecognized-selector>
  From:                0xf39fd6e51aad88f6f4ce6ab8827279cfffb92266
  To:                  0x8464135c8f25da09e49bc8782676a84730c318bc

  Error: Transaction reverted without a reason

[32meth_feeHistory[0m
[32meth_feeHistory (2)[0m
[31meth_call[0m
  Contract call:       UniversityContract#<unrecognized-selector>
  From:                0xf39fd6e51aad88f6f4ce6ab8827279cfffb92266
  To:                  0x8464135c8f25da09e49bc8782676a84730c318bc

  Error: Transaction reverted without a reason

[31meth_call[0m
  Contract call:       UniversityContract#<unrecognized-selector>
  From:                0xf39fd6e51aad88f6f4ce6ab8827279cfffb92266
  To:                  0x8464135c8f25da09e49bc8782676a84730c318bc

  Error: Transaction reverted without a reason

[31meth_call[0m
  Contract call:       UniversityContract#<unrecognized-selector>
  From:                0xf39fd6e51aad88f6f4ce6ab8827279cfffb92266
  To:                  0x8464135c8f25da09e49bc8782676a84730c318bc

  Error: Transaction reverted without a reason

[31meth_call[0m
  Contract call:       UniversityContract#<unrecognized-selector>
  From:                0xf39fd6e51aad88f6f4ce6ab8827279cfffb92266
  To:                  0x8464135c8f25da09e49bc8782676a84730c318bc

  Error: Transaction reverted without a reason

[32meth_blockNumber[0m
[31meth_call[0m
  Contract call:       UniversityContract#<unrecognized-selector>
  From:                0xf39fd6e51aad88f6f4ce6ab8827279cfffb92266
  To:                  0x8464135c8f25da09e49bc8782676a84730c318bc

  Error: Transaction reverted without a reason

[32meth_feeHistory[0m
[32meth_feeHistory (2)[0m
[31meth_call[0m
  Contract call:       UniversityContract#<unrecognized-selector>
  From:                0xf39fd6e51aad88f6f4ce6ab8827279cfffb92266
  To:                  0x8464135c8f25da09e49bc8782676a84730c318bc

  Error: Transaction reverted without a reason

[31meth_call[0m
  Contract call:       UniversityContract#<unrecognized-selector>
  From:                0xf39fd6e51aad88f6f4ce6ab8827279cfffb92266
  To:                  0x8464135c8f25da09e49bc8782676a84730c318bc

  Error: Transaction reverted without a reason

[31meth_call[0m
  Contract call:       UniversityContract#<unrecognized-selector>
  From:                0xf39fd6e51aad88f6f4ce6ab8827279cfffb92266
  To:                  0x8464135c8f25da09e49bc8782676a84730c318bc

  Error: Transaction reverted without a reason

[32meth_blockNumber[0m
[32meth_blockNumber (2)[0m
[32meth_blockNumber (3)[0m
[32meth_feeHistory[0m
[31meth_call[0m
  Contract call:       UniversityContract#<unrecognized-selector>
  From:                0xf39fd6e51aad88f6f4ce6ab8827279cfffb92266
  To:                  0x8464135c8f25da09e49bc8782676a84730c318bc

  Error: Transaction reverted without a reason

[32meth_feeHistory[0m
[31meth_call[0m
  Contract call:       UniversityContract#<unrecognized-selector>
  From:                0xf39fd6e51aad88f6f4ce6ab8827279cfffb92266
  To:                  0x8464135c8f25da09e49bc8782676a84730c318bc

  Error: Transaction reverted without a reason

[31meth_call[0m
  Contract call:       UniversityContract#<unrecognized-selector>
  From:                0xf39fd6e51aad88f6f4ce6ab8827279cfffb92266
  To:                  0x8464135c8f25da09e49bc8782676a84730c318bc

  Error: Transaction reverted without a reason

[31meth_call[0m
  Contract call:       UniversityContract#<unrecognized-selector>
  From:                0xf39fd6e51aad88f6f4ce6ab8827279cfffb92266
  To:                  0x8464135c8f25da09e49bc8782676a84730c318bc

  Error: Transaction reverted without a reason

[32meth_feeHistory[0m
[31meth_call[0m
  Contract call:       UniversityContract#<unrecognized-selector>
  From:                0xf39fd6e51aad88f6f4ce6ab8827279cfffb92266
  To:                  0x8464135c8f25da09e49bc8782676a84730c318bc

  Error: Transaction reverted without a reason

[31meth_call[0m
  Contract call:       UniversityContract#<unrecognized-selector>
  From:                0xf39fd6e51aad88f6f4ce6ab8827279cfffb92266
  To:                  0x8464135c8f25da09e49bc8782676a84730c318bc

  Error: Transaction reverted without a reason

[31meth_call[0m
  Contract call:       UniversityContract#<unrecognized-selector>
  From:                0xf39fd6e51aad88f6f4ce6ab8827279cfffb92266
  To:                  0x8464135c8f25da09e49bc8782676a84730c318bc

  Error: Transaction reverted without a reason

[31meth_call[0m
  Contract call:       UniversityContract#<unrecognized-selector>
  From:                0xf39fd6e51aad88f6f4ce6ab8827279cfffb92266
  To:                  0x8464135c8f25da09e49bc8782676a84730c318bc

  Error: Transaction reverted without a reason

[32meth_blockNumber[0m
[31meth_estimateGas[0m
  Contract call:       UniversityContract#addCourseToCurriculum
  From:                0x70997970c51812dc3a010c7d01b50e0d17dc79c8
  To:                  0x8464135c8f25da09e49bc8782676a84730c318bc
  Value:               0 ETH

  Error: Transaction reverted without a reason

[31meth_estimateGas[0m
  Contract call:       UniversityContract#addCourseToCurriculum
  From:                0x70997970c51812dc3a010c7d01b50e0d17dc79c8
  To:                  0x8464135c8f25da09e49bc8782676a84730c318bc
  Value:               0 ETH

  Error: Transaction reverted without a reason

[32meth_blockNumber[0m
[32meth_blockNumber (2)[0m
[32meth_estimateGas[0m
[32meth_feeHistory[0m
[31meth_call[0m
  Contract call:       UniversityContract#<unrecognized-selector>
  From:                0xf39fd6e51aad88f6f4ce6ab8827279cfffb92266
  To:                  0x8464135c8f25da09e49bc8782676a84730c318bc

  Error: Transaction reverted without a reason

[32meth_feeHistory[0m
[31meth_call[0m
  Contract call:       UniversityContract#<unrecognized-selector>
  From:                0xf39fd6e51aad88f6f4ce6ab8827279cfffb92266
  To:                  0x8464135c8f25da09e49bc8782676a84730c318bc

  Error: Transaction reverted without a reason

[31meth_call[0m
  Contract call:       UniversityContract#<unrecognized-selector>
  From:                0xf39fd6e51aad88f6f4ce6ab8827279cfffb92266
  To:                  0x8464135c8f25da09e49bc8782676a84730c318bc

  Error: Transaction reverted without a reason

[31meth_call[0m
  Contract call:       UniversityContract#<unrecognized-selector>
  From:                0xf39fd6e51aad88f6f4ce6ab8827279cfffb92266
  To:                  0x8464135c8f25da09e49bc8782676a84730c318bc

  Error: Transaction reverted without a reason

[32meth_blockNumber[0m
[32meth_getBalance[0m
[32meth_getBalance (2)[0m
[32meth_feeHistory[0m
[32meth_getTransactionCount[0m
[32meth_sendRawTransaction[0m
  Contract call:       UniversityContract#addACourse
  Transaction:         0xeda609a7e242af5afbbe6c0a68f44b584b538405c081d0086aace8d965c61584
  From:                0x70997970c51812dc3a010c7d01b50e0d17dc79c8
  To:                  0x8464135c8f25da09e49bc8782676a84730c318bc
  Value:               0 ETH
  Gas used:            97337 of 97337
  Block #14:           0x3f29151366d8c12c6e91480663716ca68b157d9d42a35b90d10e75c45ee8a328

[32meth_feeHistory[0m
[31meth_call[0m
  Contract call:       UniversityContract#<unrecognized-selector>
  From:                0xf39fd6e51aad88f6f4ce6ab8827279cfffb92266
  To:                  0x8464135c8f25da09e49bc8782676a84730c318bc

  Error: Transaction reverted without a reason

[32meth_feeHistory[0m
[31meth_call[0m
  Contract call:       UniversityContract#<unrecognized-selector>
  From:                0xf39fd6e51aad88f6f4ce6ab8827279cfffb92266
  To:                  0x8464135c8f25da09e49bc8782676a84730c318bc

  Error: Transaction reverted without a reason

[31meth_call[0m
  Contract call:       UniversityContract#<unrecognized-selector>
  From:                0xf39fd6e51aad88f6f4ce6ab8827279cfffb92266
  To:                  0x8464135c8f25da09e49bc8782676a84730c318bc

  Error: Transaction reverted without a reason

[31meth_call[0m
  Contract call:       UniversityContract#<unrecognized-selector>
  From:                0xf39fd6e51aad88f6f4ce6ab8827279cfffb92266
  To:                  0x8464135c8f25da09e49bc8782676a84730c318bc

  Error: Transaction reverted without a reason

[32meth_call[0m
  WARNING: Calling an account which is not a contract
  From:                0xf39fd6e51aad88f6f4ce6ab8827279cfffb92266
  To:                  0x420000000000000000000000000000000000000f

[32meth_blockNumber[0m
[32meth_getTransactionReceipt[0m
[32meth_getBlockByHash[0m
[31meth_call[0m
  Contract call:       UniversityContract#<unrecognized-selector>
  From:                0xf39fd6e51aad88f6f4ce6ab8827279cfffb92266
  To:                  0x8464135c8f25da09e49bc8782676a84730c318bc

  Error: Transaction reverted without a reason

[32meth_blockNumber[0m
[31meth_call[0m
  Contract call:       UniversityContract#<unrecognized-selector>
  From:                0xf39fd6e51aad88f6f4ce6ab8827279cfffb92266
  To:                  0x8464135c8f25da09e49bc8782676a84730c318bc

  Error: Transaction reverted without a reason

[32meth_getBlockByNumber[0m
[31meth_call[0m
  Contract call:       UniversityContract#<unrecognized-selector>
  From:                0xf39fd6e51aad88f6f4ce6ab8827279cfffb92266
  To:                  0x8464135c8f25da09e49bc8782676a84730c318bc

  Error: Transaction reverted without a reason

[31meth_call[0m
  Contract call:       UniversityContract#<unrecognized-selector>
  From:                0xf39fd6e51aad88f6f4ce6ab8827279cfffb92266
  To:                  0x8464135c8f25da09e49bc8782676a84730c318bc

  Error: Transaction reverted without a reason

[32meth_feeHistory[0m
[32meth_getTransactionByHash[0m
[32meth_call[0m
  Contract call:       DegreeToken#roles
  From:                0xf39fd6e51aad88f6f4ce6ab8827279cfffb92266
  To:                  0x5fbdb2315678afecb367f032d93f642f64180aa3

[32meth_call[0m
  Contract call:       DegreeToken#universityToUniversityContract
  From:                0x70997970c51812dc3a010c7d01b50e0d17dc79c8
  To:                  0x5fbdb2315678afecb367f032d93f642f64180aa3

[32meth_call[0m
  Contract call:       UniversityContract#curriculumsId
  From:                0x70997970c51812dc3a010c7d01b50e0d17dc79c8
  To:                  0x8464135c8f25da09e49bc8782676a84730c318bc

[32meth_call[0m
  Contract call:       UniversityContract#curriculums
  From:                0x70997970c51812dc3a010c7d01b50e0d17dc79c8
  To:                  0x8464135c8f25da09e49bc8782676a84730c318bc

[32meth_call[0m
  Contract call:       CurriculumContract#curriculumDetail
  From:                0x70997970c51812dc3a010c7d01b50e0d17dc79c8
  To:                  0x71c95911e9a5d330f4d621842ec243ee1343292e

[32meth_call[0m
  Contract call:       UniversityContract#coursesId
  From:                0x70997970c51812dc3a010c7d01b50e0d17dc79c8
  To:                  0x8464135c8f25da09e49bc8782676a84730c318bc

[32meth_call[0m
  Contract call:       UniversityContract#courses
  From:                0x70997970c51812dc3a010c7d01b50e0d17dc79c8
  To:                  0x8464135c8f25da09e49bc8782676a84730c318bc

[32meth_call[0m
  Contract call:       UniversityContract#courses
  From:                0x70997970c51812dc3a010c7d01b50e0d17dc79c8
  To:                  0x8464135c8f25da09e49bc8782676a84730c318bc

[32meth_call[0m
  Contract call:       UniversityContract#courses
  From:                0x70997970c51812dc3a010c7d01b50e0d17dc79c8
  To:                  0x8464135c8f25da09e49bc8782676a84730c318bc

[32meth_call[0m
  Contract call:       CurriculumContract#coursesId
  From:                0x70997970c51812dc3a010c7d01b50e0d17dc79c8
  To:                  0x71c95911e9a5d330f4d621842ec243ee1343292e

[32meth_call[0m
  Contract call:       CurriculumContract#courses
  From:                0x70997970c51812dc3a010c7d01b50e0d17dc79c8
  To:                  0x71c95911e9a5d330f4d621842ec243ee1343292e

[32meth_call[0m
  Contract call:       CurriculumContract#courses
  From:                0x70997970c51812dc3a010c7d01b50e0d17dc79c8
  To:                  0x71c95911e9a5d330f4d621842ec243ee1343292e

[32meth_estimateGas[0m
[32meth_blockNumber[0m
[32meth_getCode[0m
[32meth_feeHistory[0m
[31meth_call[0m
  Contract call:       UniversityContract#<unrecognized-selector>
  From:                0xf39fd6e51aad88f6f4ce6ab8827279cfffb92266
  To:                  0x8464135c8f25da09e49bc8782676a84730c318bc

  Error: Transaction reverted without a reason

[32meth_feeHistory[0m
[31meth_call[0m
  Contract call:       UniversityContract#<unrecognized-selector>
  From:                0xf39fd6e51aad88f6f4ce6ab8827279cfffb92266
  To:                  0x8464135c8f25da09e49bc8782676a84730c318bc

  Error: Transaction reverted without a reason

[31meth_call[0m
  Contract call:       UniversityContract#<unrecognized-selector>
  From:                0xf39fd6e51aad88f6f4ce6ab8827279cfffb92266
  To:                  0x8464135c8f25da09e49bc8782676a84730c318bc

  Error: Transaction reverted without a reason

[31meth_call[0m
  Contract call:       UniversityContract#<unrecognized-selector>
  From:                0xf39fd6e51aad88f6f4ce6ab8827279cfffb92266
  To:                  0x8464135c8f25da09e49bc8782676a84730c318bc

  Error: Transaction reverted without a reason

[32meth_blockNumber[0m
[32meth_getBalance[0m
[32meth_getBalance (2)[0m
[32meth_getTransactionCount[0m
[32meth_feeHistory[0m
[32meth_sendRawTransaction[0m
  Contract call:       UniversityContract#addCourseToCurriculum
  Transaction:         0x776eaf45ffa6cfd3493fd6eb8b8ee7b2816a74a3baa8f4d8307583450df210df
  From:                0x70997970c51812dc3a010c7d01b50e0d17dc79c8
  To:                  0x8464135c8f25da09e49bc8782676a84730c318bc
  Value:               0 ETH
  Gas used:            121688 of 123589
  Block #15:           0x357ce56b0ce9faab3266c08be83de04573fdf8cd80421ae18c8af70ba5e03888

[32meth_feeHistory[0m
[31meth_call[0m
  Contract call:       UniversityContract#<unrecognized-selector>
  From:                0xf39fd6e51aad88f6f4ce6ab8827279cfffb92266
  To:                  0x8464135c8f25da09e49bc8782676a84730c318bc

  Error: Transaction reverted without a reason

[32meth_feeHistory[0m
[31meth_call[0m
  Contract call:       UniversityContract#<unrecognized-selector>
  From:                0xf39fd6e51aad88f6f4ce6ab8827279cfffb92266
  To:                  0x8464135c8f25da09e49bc8782676a84730c318bc

  Error: Transaction reverted without a reason

[32meth_call[0m
  WARNING: Calling an account which is not a contract
  From:                0xf39fd6e51aad88f6f4ce6ab8827279cfffb92266
  To:                  0x420000000000000000000000000000000000000f

[31meth_call[0m
  Contract call:       UniversityContract#<unrecognized-selector>
  From:                0xf39fd6e51aad88f6f4ce6ab8827279cfffb92266
  To:                  0x8464135c8f25da09e49bc8782676a84730c318bc

  Error: Transaction reverted without a reason

[31meth_call[0m
  Contract call:       UniversityContract#<unrecognized-selector>
  From:                0xf39fd6e51aad88f6f4ce6ab8827279cfffb92266
  To:                  0x8464135c8f25da09e49bc8782676a84730c318bc

  Error: Transaction reverted without a reason

[32meth_blockNumber[0m
[32meth_getTransactionReceipt[0m
[32meth_getBlockByHash[0m
[31meth_call[0m
  Contract call:       UniversityContract#<unrecognized-selector>
  From:                0xf39fd6e51aad88f6f4ce6ab8827279cfffb92266
  To:                  0x8464135c8f25da09e49bc8782676a84730c318bc

  Error: Transaction reverted without a reason

[32meth_blockNumber[0m
[32meth_getTransactionByHash[0m
[31meth_call[0m
  Contract call:       UniversityContract#<unrecognized-selector>
  From:                0xf39fd6e51aad88f6f4ce6ab8827279cfffb92266
  To:                  0x8464135c8f25da09e49bc8782676a84730c318bc

  Error: Transaction reverted without a reason

[32meth_getBlockByNumber[0m
[31meth_call[0m
  Contract call:       UniversityContract#<unrecognized-selector>
  From:                0xf39fd6e51aad88f6f4ce6ab8827279cfffb92266
  To:                  0x8464135c8f25da09e49bc8782676a84730c318bc

  Error: Transaction reverted without a reason

[31meth_call[0m
  Contract call:       UniversityContract#<unrecognized-selector>
  From:                0xf39fd6e51aad88f6f4ce6ab8827279cfffb92266
  To:                  0x8464135c8f25da09e49bc8782676a84730c318bc

  Error: Transaction reverted without a reason

[32meth_feeHistory[0m
