Hardhat Ignition starting for [ PddiktiModule ]...[2K[1GHardhat Ignition 🚀

Deploying [ PddiktiModule ]

Batch #1
  Executing BootstrapModule#DegreeToken...

[3A[0JBatch #1
  Executing BootstrapModule#DegreeToken...

[3A[0JBatch #1
  Executed BootstrapModule#DegreeToken

[3A[0JBatch #1
  Executed BootstrapModule#DegreeToken

Batch #2
  Executing BootstrapModule#UniversityContract...

[3A[0JBatch #2
  Executing BootstrapModule#UniversityContract...

[3A[0JBatch #2
  Executed BootstrapModule#UniversityContract

[3A[0JBatch #2
  Executed BootstrapModule#UniversityContract

Batch #3
  Executing BootstrapModule#CurriculumContract...
  Executing BootstrapModule#DegreeToken.addUniversity...

[4A[0JBatch #3
  Executing BootstrapModule#CurriculumContract...
  Executing BootstrapModule#DegreeToken.addUniversity...

[4A[0JBatch #3
  Executed BootstrapModule#CurriculumContract
  Executing BootstrapModule#DegreeToken.addUniversity...

[4A[0JBatch #3
  Executed BootstrapModule#CurriculumContract
  Executing BootstrapModule#DegreeToken.addUniversity...

[4A[0JBatch #3
  Executed BootstrapModule#CurriculumContract
  Executed BootstrapModule#DegreeToken.addUniversity

[4A[0JBatch #3
  Executed BootstrapModule#CurriculumContract
  Executed BootstrapModule#DegreeToken.addUniversity

Batch #4
  Executing BootstrapModule#UniversityContract.addACurriculum...

[3A[0JBatch #4
  Executing BootstrapModule#UniversityContract.addACurriculum...

[3A[0JBatch #4
  Executed BootstrapModule#UniversityContract.addACurriculum

[3A[0JBatch #4
  Executed BootstrapModule#UniversityContract.addACurriculum

Batch #5
  Executing BootstrapModule#AddACourseOfMatKul_A...
  Executing BootstrapModule#AddCourseToCurriculumMatKul_A...

[4A[0JBatch #5
  Executing BootstrapModule#AddACourseOfMatKul_A...
  Executing BootstrapModule#AddCourseToCurriculumMatKul_A...

[4A[0JBatch #5
  Executed BootstrapModule#AddACourseOfMatKul_A
  Executing BootstrapModule#AddCourseToCurriculumMatKul_A...

[4A[0JBatch #5
  Executed BootstrapModule#AddACourseOfMatKul_A
  Executing BootstrapModule#AddCourseToCurriculumMatKul_A...

[4A[0JBatch #5
  Executed BootstrapModule#AddACourseOfMatKul_A
  Executed BootstrapModule#AddCourseToCurriculumMatKul_A

[4A[0JBatch #5
  Executed BootstrapModule#AddACourseOfMatKul_A
  Executed BootstrapModule#AddCourseToCurriculumMatKul_A

Batch #6
  Executing PddiktiModule#BootstrapModule~UniversityContract.addAStudent...
  Executing PddiktiModule#BootstrapModule~UniversityContract.addStudentToCurriculum...

[4A[0JBatch #6
  Executing PddiktiModule#BootstrapModule~UniversityContract.addAStudent...
  Executing PddiktiModule#BootstrapModule~UniversityContract.addStudentToCurriculum...

[4A[0JBatch #6
  Executed PddiktiModule#BootstrapModule~UniversityContract.addAStudent
  Executing PddiktiModule#BootstrapModule~UniversityContract.addStudentToCurriculum...

[4A[0JBatch #6
  Executed PddiktiModule#BootstrapModule~UniversityContract.addAStudent
  Executing PddiktiModule#BootstrapModule~UniversityContract.addStudentToCurriculum...

[4A[0JBatch #6
  Executed PddiktiModule#BootstrapModule~UniversityContract.addAStudent
  Executed PddiktiModule#BootstrapModule~UniversityContract.addStudentToCurriculum

[4A[0JBatch #6
  Executed PddiktiModule#BootstrapModule~UniversityContract.addAStudent
  Executed PddiktiModule#BootstrapModule~UniversityContract.addStudentToCurriculum

[ PddiktiModule ] successfully deployed 🚀

Deployed Addresses

BootstrapModule#DegreeToken - 0x9fE46736679d2D9a65F0992F2272dE9f3c7fa6e0
BootstrapModule#UniversityContract - 0x712516e61C8B383dF4A63CFe83d7701Bce54B03e
BootstrapModule#CurriculumContract - 0xbCF26943C0197d2eE0E5D05c716Be60cc2761508
